<?xml version="1.0" encoding="utf-8"?><testsuites name="pytest tests"><testsuite name="pytest" errors="0" failures="0" skipped="0" tests="59" time="59.729" timestamp="2026-04-28T19:35:43.986735+00:00" hostname="agent-env-e1834b60-522b-412f-a42f-58b5b2eb9723"><testcase classname="backend.tests.backend_test.TestHealth" name="test_root" time="0.150" /><testcase classname="backend.tests.backend_test.TestCrisisPublic" name="test_resources" time="0.111" /><testcase classname="backend.tests.backend_test.TestAuth" name="test_admin_login" time="0.395" /><testcase classname="backend.tests.backend_test.TestAuth" name="test_register_duplicate" time="0.477" /><testcase classname="backend.tests.backend_test.TestAuth" name="test_login_wrong_password" time="0.346" /><testcase classname="backend.tests.backend_test.TestAuth" name="test_me_authenticated" time="0.066" /><testcase classname="backend.tests.backend_test.TestAuth" name="test_me_unauthenticated" time="0.124" /><testcase classname="backend.tests.backend_test.TestAuth" name="test_login_sets_cookies" time="0.410" /><testcase classname="backend.tests.backend_test.TestAuth" name="test_logout_clears_cookies" time="0.457" /><testcase classname="backend.tests.backend_test.TestUserSettings" name="test_update_mode_genz" time="0.104" /><testcase classname="backend.tests.backend_test.TestUserSettings" name="test_update_mode_back_professional" time="0.076" /><testcase classname="backend.tests.backend_test.TestUserSettings" name="test_update_voice" time="0.126" /><testcase classname="backend.tests.backend_test.TestChat" name="test_chat_send_text" time="10.254" /><testcase classname="backend.tests.backend_test.TestChat" name="test_chat_crisis_detection" time="17.584" /><testcase classname="backend.tests.backend_test.TestChat" name="test_list_sessions" time="0.062" /><testcase classname="backend.tests.backend_test.TestChat" name="test_get_messages" time="0.058" /><testcase classname="backend.tests.backend_test.TestChat" name="test_delete_session" time="0.105" /><testcase classname="backend.tests.backend_test.TestMood" name="test_log_mood" time="0.066" /><testcase classname="backend.tests.backend_test.TestMood" name="test_mood_trends" time="0.053" /><testcase classname="backend.tests.backend_test.TestJournal" name="test_prompts" time="0.057" /><testcase classname="backend.tests.backend_test.TestJournal" name="test_create_journal" time="0.097" /><testcase classname="backend.tests.backend_test.TestJournal" name="test_list_journals" time="0.061" /><testcase classname="backend.tests.backend_test.TestJournal" name="test_delete_journal" time="0.197" /><testcase classname="backend.tests.backend_test.TestHabits" name="test_create_habit" time="0.065" /><testcase classname="backend.tests.backend_test.TestHabits" name="test_list_habits_completed_today_false" time="0.075" /><testcase classname="backend.tests.backend_test.TestHabits" name="test_log_habit_complete" time="0.120" /><testcase classname="backend.tests.backend_test.TestHabits" name="test_log_habit_same_day_idempotent_streak" time="0.119" /><testcase classname="backend.tests.backend_test.TestHabits" name="test_log_habit_toggle_off" time="0.123" /><testcase classname="backend.tests.backend_test.TestHabits" name="test_delete_habit" time="0.122" /><testcase classname="backend.tests.backend_test.TestBreathing" name="test_log_breathing" time="0.062" /><testcase classname="backend.tests.backend_test.TestCheckin" name="test_today_initially" time="0.129" /><testcase classname="backend.tests.backend_test.TestCheckin" name="test_respond" time="0.068" /><testcase classname="backend.tests.backend_test.TestCheckin" name="test_today_after_idempotent" time="0.111" /><testcase classname="backend.tests.backend_test.TestTherapistSummary" name="test_summary" time="0.081" /><testcase classname="backend.tests.backend_test.TestUnauthEnforcement" name="test_requires_auth[GET-/auth/me]" time="0.179" /><testcase classname="backend.tests.backend_test.TestUnauthEnforcement" name="test_requires_auth[PATCH-/user/mode]" time="0.121" /><testcase classname="backend.tests.backend_test.TestUnauthEnforcement" name="test_requires_auth[PATCH-/user/voice]" time="0.106" /><testcase classname="backend.tests.backend_test.TestUnauthEnforcement" name="test_requires_auth[POST-/chat/send]" time="0.115" /><testcase classname="backend.tests.backend_test.TestUnauthEnforcement" name="test_requires_auth[GET-/chat/sessions]" time="0.112" /><testcase classname="backend.tests.backend_test.TestUnauthEnforcement" name="test_requires_auth[POST-/mood]" time="0.121" /><testcase classname="backend.tests.backend_test.TestUnauthEnforcement" name="test_requires_auth[GET-/mood/trends]" time="0.153" /><testcase classname="backend.tests.backend_test.TestUnauthEnforcement" name="test_requires_auth[GET-/journal/prompts]" time="0.123" /><testcase classname="backend.tests.backend_test.TestUnauthEnforcement" name="test_requires_auth[POST-/journal]" time="0.118" /><testcase classname="backend.tests.backend_test.TestUnauthEnforcement" name="test_requires_auth[GET-/journal]" time="0.107" /><testcase classname="backend.tests.backend_test.TestUnauthEnforcement" name="test_requires_auth[POST-/habits]" time="0.125" /><testcase classname="backend.tests.backend_test.TestUnauthEnforcement" name="test_requires_auth[GET-/habits]" time="0.116" /><testcase classname="backend.tests.backend_test.TestUnauthEnforcement" name="test_requires_auth[POST-/habits/log]" time="0.162" /><testcase classname="backend.tests.backend_test.TestUnauthEnforcement" name="test_requires_auth[POST-/breathing/sessions]" time="0.112" /><testcase classname="backend.tests.backend_test.TestUnauthEnforcement" name="test_requires_auth[GET-/checkin/today]" time="0.127" /><testcase classname="backend.tests.backend_test.TestUnauthEnforcement" name="test_requires_auth[POST-/checkin/respond]" time="0.125" /><testcase classname="backend.tests.backend_test.TestUnauthEnforcement" name="test_requires_auth[GET-/therapist/summary]" time="0.110" /><testcase classname="backend.tests.backend_test.TestChatSessionsV2" name="test_first_message_sets_auto_title" time="3.995" /><testcase classname="backend.tests.backend_test.TestChatSessionsV2" name="test_rename_session_success" time="0.113" /><testcase classname="backend.tests.backend_test.TestChatSessionsV2" name="test_rename_session_empty_title_400" time="0.048" /><testcase classname="backend.tests.backend_test.TestChatSessionsV2" name="test_rename_session_not_found_404" time="0.049" /><testcase classname="backend.tests.backend_test.TestChatSessionsV2" name="test_rename_session_other_user_404" time="5.291" /><testcase classname="backend.tests.backend_test.TestChatSessionsV2" name="test_search_sessions_q_param" time="0.104" /><testcase classname="backend.tests.backend_test.TestAITone" name="test_reply_does_not_use_robotic_openers" time="15.251" /><testcase classname="backend.tests.backend_test.TestTelegramInfo" name="test_telegram_info_public" time="0.143" /></testsuite></testsuites>