<?xml version="1.0" encoding="utf-8"?><testsuites name="pytest tests"><testsuite name="pytest" errors="0" failures="0" skipped="0" tests="50" time="48.149" timestamp="2026-04-28T16:07:44.329109+00:00" hostname="agent-env-e1834b60-522b-412f-a42f-58b5b2eb9723"><testcase classname="backend.tests.backend_test.TestHealth" name="test_root" time="0.144" /><testcase classname="backend.tests.backend_test.TestCrisisPublic" name="test_resources" time="0.124" /><testcase classname="backend.tests.backend_test.TestAuth" name="test_admin_login" time="0.404" /><testcase classname="backend.tests.backend_test.TestAuth" name="test_register_duplicate" time="0.547" /><testcase classname="backend.tests.backend_test.TestAuth" name="test_login_wrong_password" time="0.353" /><testcase classname="backend.tests.backend_test.TestAuth" name="test_me_authenticated" time="0.057" /><testcase classname="backend.tests.backend_test.TestAuth" name="test_me_unauthenticated" time="0.180" /><testcase classname="backend.tests.backend_test.TestAuth" name="test_login_sets_cookies" time="0.406" /><testcase classname="backend.tests.backend_test.TestAuth" name="test_logout_clears_cookies" time="0.432" /><testcase classname="backend.tests.backend_test.TestUserSettings" name="test_update_mode_genz" time="0.097" /><testcase classname="backend.tests.backend_test.TestUserSettings" name="test_update_mode_back_professional" time="0.050" /><testcase classname="backend.tests.backend_test.TestUserSettings" name="test_update_voice" time="0.163" /><testcase classname="backend.tests.backend_test.TestChat" name="test_chat_send_text" time="13.334" /><testcase classname="backend.tests.backend_test.TestChat" name="test_chat_crisis_detection" time="28.131" /><testcase classname="backend.tests.backend_test.TestChat" name="test_list_sessions" time="0.054" /><testcase classname="backend.tests.backend_test.TestChat" name="test_get_messages" time="0.053" /><testcase classname="backend.tests.backend_test.TestChat" name="test_delete_session" time="0.110" /><testcase classname="backend.tests.backend_test.TestMood" name="test_log_mood" time="0.052" /><testcase classname="backend.tests.backend_test.TestMood" name="test_mood_trends" time="0.053" /><testcase classname="backend.tests.backend_test.TestJournal" name="test_prompts" time="0.066" /><testcase classname="backend.tests.backend_test.TestJournal" name="test_create_journal" time="0.061" /><testcase classname="backend.tests.backend_test.TestJournal" name="test_list_journals" time="0.049" /><testcase classname="backend.tests.backend_test.TestJournal" name="test_delete_journal" time="0.118" /><testcase classname="backend.tests.backend_test.TestHabits" name="test_create_habit" time="0.049" /><testcase classname="backend.tests.backend_test.TestHabits" name="test_list_habits_completed_today_false" time="0.054" /><testcase classname="backend.tests.backend_test.TestHabits" name="test_log_habit_complete" time="0.102" /><testcase classname="backend.tests.backend_test.TestHabits" name="test_log_habit_toggle_off" time="0.111" /><testcase classname="backend.tests.backend_test.TestHabits" name="test_delete_habit" time="0.100" /><testcase classname="backend.tests.backend_test.TestBreathing" name="test_log_breathing" time="0.073" /><testcase classname="backend.tests.backend_test.TestCheckin" name="test_today_initially" time="0.048" /><testcase classname="backend.tests.backend_test.TestCheckin" name="test_respond" time="0.058" /><testcase classname="backend.tests.backend_test.TestCheckin" name="test_today_after_idempotent" time="0.097" /><testcase classname="backend.tests.backend_test.TestTherapistSummary" name="test_summary" time="0.052" /><testcase classname="backend.tests.backend_test.TestUnauthEnforcement" name="test_requires_auth[GET-/auth/me]" time="0.169" /><testcase classname="backend.tests.backend_test.TestUnauthEnforcement" name="test_requires_auth[PATCH-/user/mode]" time="0.122" /><testcase classname="backend.tests.backend_test.TestUnauthEnforcement" name="test_requires_auth[PATCH-/user/voice]" time="0.136" /><testcase classname="backend.tests.backend_test.TestUnauthEnforcement" name="test_requires_auth[POST-/chat/send]" time="0.123" /><testcase classname="backend.tests.backend_test.TestUnauthEnforcement" name="test_requires_auth[GET-/chat/sessions]" time="0.122" /><testcase classname="backend.tests.backend_test.TestUnauthEnforcement" name="test_requires_auth[POST-/mood]" time="0.144" /><testcase classname="backend.tests.backend_test.TestUnauthEnforcement" name="test_requires_auth[GET-/mood/trends]" time="0.163" /><testcase classname="backend.tests.backend_test.TestUnauthEnforcement" name="test_requires_auth[GET-/journal/prompts]" time="0.111" /><testcase classname="backend.tests.backend_test.TestUnauthEnforcement" name="test_requires_auth[POST-/journal]" time="0.149" /><testcase classname="backend.tests.backend_test.TestUnauthEnforcement" name="test_requires_auth[GET-/journal]" time="0.117" /><testcase classname="backend.tests.backend_test.TestUnauthEnforcement" name="test_requires_auth[POST-/habits]" time="0.124" /><testcase classname="backend.tests.backend_test.TestUnauthEnforcement" name="test_requires_auth[GET-/habits]" time="0.132" /><testcase classname="backend.tests.backend_test.TestUnauthEnforcement" name="test_requires_auth[POST-/habits/log]" time="0.140" /><testcase classname="backend.tests.backend_test.TestUnauthEnforcement" name="test_requires_auth[POST-/breathing/sessions]" time="0.120" /><testcase classname="backend.tests.backend_test.TestUnauthEnforcement" name="test_requires_auth[GET-/checkin/today]" time="0.122" /><testcase classname="backend.tests.backend_test.TestUnauthEnforcement" name="test_requires_auth[POST-/checkin/respond]" time="0.118" /><testcase classname="backend.tests.backend_test.TestUnauthEnforcement" name="test_requires_auth[GET-/therapist/summary]" time="0.130" /></testsuite></testsuites>